<?xml version="1.0" encoding="UTF-8"?>
<testsuite xmlns:xsi="http://www.w3.org/2001/XMLSchema-instance" xsi:noNamespaceSchemaLocation="https://maven.apache.org/surefire/maven-surefire-plugin/xsd/surefire-test-report-3.0.xsd" version="3.0" name="com.rajeshphysics.RajeshphysicsApplicationTests" time="3.613" tests="1" errors="0" skipped="0" failures="0">
  <properties>
    <property name="java.specification.version" value="17"/>
    <property name="sun.jnu.encoding" value="UTF-8"/>
    <property name="java.class.path" value="/opt/sts-workspace/rajeshphysics/target/test-classes:/opt/sts-workspace/rajeshphysics/target/classes:/root/.m2/repository/org/springframework/boot/spring-boot-starter-data-jpa/3.3.6/spring-boot-starter-data-jpa-3.3.6.jar:/root/.m2/repository/org/springframework/boot/spring-boot-starter-aop/3.3.6/spring-boot-starter-aop-3.3.6.jar:/root/.m2/repository/org/aspectj/aspectjweaver/1.9.22.1/aspectjweaver-1.9.22.1.jar:/root/.m2/repository/org/springframework/boot/spring-boot-starter-jdbc/3.3.6/spring-boot-starter-jdbc-3.3.6.jar:/root/.m2/repository/com/zaxxer/HikariCP/5.1.0/HikariCP-5.1.0.jar:/root/.m2/repository/org/springframework/spring-jdbc/6.1.15/spring-jdbc-6.1.15.jar:/root/.m2/repository/org/hibernate/orm/hibernate-core/6.5.3.Final/hibernate-core-6.5.3.Final.jar:/root/.m2/repository/jakarta/persistence/jakarta.persistence-api/3.1.0/jakarta.persistence-api-3.1.0.jar:/root/.m2/repository/jakarta/transaction/jakarta.transaction-api/2.0.1/jakarta.transaction-api-2.0.1.jar:/root/.m2/repository/org/jboss/logging/jboss-logging/3.5.3.Final/jboss-logging-3.5.3.Final.jar:/root/.m2/repository/org/hibernate/common/hibernate-commons-annotations/6.0.6.Final/hibernate-commons-annotations-6.0.6.Final.jar:/root/.m2/repository/io/smallrye/jandex/3.1.2/jandex-3.1.2.jar:/root/.m2/repository/com/fasterxml/classmate/1.7.0/classmate-1.7.0.jar:/root/.m2/repository/net/bytebuddy/byte-buddy/1.14.19/byte-buddy-1.14.19.jar:/root/.m2/repository/org/glassfish/jaxb/jaxb-runtime/4.0.5/jaxb-runtime-4.0.5.jar:/root/.m2/repository/org/glassfish/jaxb/jaxb-core/4.0.5/jaxb-core-4.0.5.jar:/root/.m2/repository/org/eclipse/angus/angus-activation/2.0.2/angus-activation-2.0.2.jar:/root/.m2/repository/org/glassfish/jaxb/txw2/4.0.5/txw2-4.0.5.jar:/root/.m2/repository/com/sun/istack/istack-commons-runtime/4.1.2/istack-commons-runtime-4.1.2.jar:/root/.m2/repository/jakarta/inject/jakarta.inject-api/2.0.1/jakarta.inject-api-2.0.1.jar:/root/.m2/repository/org/antlr/antlr4-runtime/4.13.0/antlr4-runtime-4.13.0.jar:/root/.m2/repository/org/springframework/data/spring-data-jpa/3.3.6/spring-data-jpa-3.3.6.jar:/root/.m2/repository/org/springframework/data/spring-data-commons/3.3.6/spring-data-commons-3.3.6.jar:/root/.m2/repository/org/springframework/spring-orm/6.1.15/spring-orm-6.1.15.jar:/root/.m2/repository/org/springframework/spring-context/6.1.15/spring-context-6.1.15.jar:/root/.m2/repository/org/springframework/spring-tx/6.1.15/spring-tx-6.1.15.jar:/root/.m2/repository/org/springframework/spring-beans/6.1.15/spring-beans-6.1.15.jar:/root/.m2/repository/jakarta/annotation/jakarta.annotation-api/2.1.1/jakarta.annotation-api-2.1.1.jar:/root/.m2/repository/org/slf4j/slf4j-api/2.0.16/slf4j-api-2.0.16.jar:/root/.m2/repository/org/springframework/spring-aspects/6.1.15/spring-aspects-6.1.15.jar:/root/.m2/repository/org/springframework/boot/spring-boot-starter-security/3.3.6/spring-boot-starter-security-3.3.6.jar:/root/.m2/repository/org/springframework/boot/spring-boot-starter/3.3.6/spring-boot-starter-3.3.6.jar:/root/.m2/repository/org/springframework/boot/spring-boot-starter-logging/3.3.6/spring-boot-starter-logging-3.3.6.jar:/root/.m2/repository/ch/qos/logback/logback-classic/1.5.12/logback-classic-1.5.12.jar:/root/.m2/repository/ch/qos/logback/logback-core/1.5.12/logback-core-1.5.12.jar:/root/.m2/repository/org/apache/logging/log4j/log4j-to-slf4j/2.23.1/log4j-to-slf4j-2.23.1.jar:/root/.m2/repository/org/apache/logging/log4j/log4j-api/2.23.1/log4j-api-2.23.1.jar:/root/.m2/repository/org/slf4j/jul-to-slf4j/2.0.16/jul-to-slf4j-2.0.16.jar:/root/.m2/repository/org/yaml/snakeyaml/2.2/snakeyaml-2.2.jar:/root/.m2/repository/org/springframework/spring-aop/6.1.15/spring-aop-6.1.15.jar:/root/.m2/repository/org/springframework/security/spring-security-config/6.3.5/spring-security-config-6.3.5.jar:/root/.m2/repository/org/springframework/security/spring-security-web/6.3.5/spring-security-web-6.3.5.jar:/root/.m2/repository/org/springframework/spring-expression/6.1.15/spring-expression-6.1.15.jar:/root/.m2/repository/org/springframework/boot/spring-boot-starter-web/3.3.6/spring-boot-starter-web-3.3.6.jar:/root/.m2/repository/org/springframework/boot/spring-boot-starter-json/3.3.6/spring-boot-starter-json-3.3.6.jar:/root/.m2/repository/com/fasterxml/jackson/datatype/jackson-datatype-jdk8/2.17.3/jackson-datatype-jdk8-2.17.3.jar:/root/.m2/repository/com/fasterxml/jackson/datatype/jackson-datatype-jsr310/2.17.3/jackson-datatype-jsr310-2.17.3.jar:/root/.m2/repository/com/fasterxml/jackson/module/jackson-module-parameter-names/2.17.3/jackson-module-parameter-names-2.17.3.jar:/root/.m2/repository/org/springframework/boot/spring-boot-starter-tomcat/3.3.6/spring-boot-starter-tomcat-3.3.6.jar:/root/.m2/repository/org/apache/tomcat/embed/tomcat-embed-websocket/10.1.33/tomcat-embed-websocket-10.1.33.jar:/root/.m2/repository/org/springframework/spring-web/6.1.15/spring-web-6.1.15.jar:/root/.m2/repository/io/micrometer/micrometer-observation/1.13.8/micrometer-observation-1.13.8.jar:/root/.m2/repository/io/micrometer/micrometer-commons/1.13.8/micrometer-commons-1.13.8.jar:/root/.m2/repository/org/springframework/spring-webmvc/6.1.15/spring-webmvc-6.1.15.jar:/root/.m2/repository/org/springframework/boot/spring-boot-devtools/3.3.6/spring-boot-devtools-3.3.6.jar:/root/.m2/repository/org/springframework/boot/spring-boot/3.3.6/spring-boot-3.3.6.jar:/root/.m2/repository/org/springframework/boot/spring-boot-autoconfigure/3.3.6/spring-boot-autoconfigure-3.3.6.jar:/root/.m2/repository/com/mysql/mysql-connector-j/8.3.0/mysql-connector-j-8.3.0.jar:/root/.m2/repository/org/springframework/boot/spring-boot-starter-test/3.3.6/spring-boot-starter-test-3.3.6.jar:/root/.m2/repository/org/springframework/boot/spring-boot-test/3.3.6/spring-boot-test-3.3.6.jar:/root/.m2/repository/org/springframework/boot/spring-boot-test-autoconfigure/3.3.6/spring-boot-test-autoconfigure-3.3.6.jar:/root/.m2/repository/com/jayway/jsonpath/json-path/2.9.0/json-path-2.9.0.jar:/root/.m2/repository/jakarta/xml/bind/jakarta.xml.bind-api/4.0.2/jakarta.xml.bind-api-4.0.2.jar:/root/.m2/repository/jakarta/activation/jakarta.activation-api/2.1.3/jakarta.activation-api-2.1.3.jar:/root/.m2/repository/net/minidev/json-smart/2.5.1/json-smart-2.5.1.jar:/root/.m2/repository/net/minidev/accessors-smart/2.5.1/accessors-smart-2.5.1.jar:/root/.m2/repository/org/ow2/asm/asm/9.6/asm-9.6.jar:/root/.m2/repository/org/assertj/assertj-core/3.25.3/assertj-core-3.25.3.jar:/root/.m2/repository/org/awaitility/awaitility/4.2.2/awaitility-4.2.2.jar:/root/.m2/repository/org/hamcrest/hamcrest/2.2/hamcrest-2.2.jar:/root/.m2/repository/org/junit/jupiter/junit-jupiter/5.10.5/junit-jupiter-5.10.5.jar:/root/.m2/repository/org/junit/jupiter/junit-jupiter-api/5.10.5/junit-jupiter-api-5.10.5.jar:/root/.m2/repository/org/opentest4j/opentest4j/1.3.0/opentest4j-1.3.0.jar:/root/.m2/repository/org/junit/platform/junit-platform-commons/1.10.5/junit-platform-commons-1.10.5.jar:/root/.m2/repository/org/apiguardian/apiguardian-api/1.1.2/apiguardian-api-1.1.2.jar:/root/.m2/repository/org/junit/jupiter/junit-jupiter-params/5.10.5/junit-jupiter-params-5.10.5.jar:/root/.m2/repository/org/junit/jupiter/junit-jupiter-engine/5.10.5/junit-jupiter-engine-5.10.5.jar:/root/.m2/repository/org/junit/platform/junit-platform-engine/1.10.5/junit-platform-engine-1.10.5.jar:/root/.m2/repository/org/mockito/mockito-core/5.11.0/mockito-core-5.11.0.jar:/root/.m2/repository/net/bytebuddy/byte-buddy-agent/1.14.19/byte-buddy-agent-1.14.19.jar:/root/.m2/repository/org/objenesis/objenesis/3.3/objenesis-3.3.jar:/root/.m2/repository/org/mockito/mockito-junit-jupiter/5.11.0/mockito-junit-jupiter-5.11.0.jar:/root/.m2/repository/org/skyscreamer/jsonassert/1.5.3/jsonassert-1.5.3.jar:/root/.m2/repository/com/vaadin/external/google/android-json/0.0.20131108.vaadin1/android-json-0.0.20131108.vaadin1.jar:/root/.m2/repository/org/springframework/spring-core/6.1.15/spring-core-6.1.15.jar:/root/.m2/repository/org/springframework/spring-jcl/6.1.15/spring-jcl-6.1.15.jar:/root/.m2/repository/org/springframework/spring-test/6.1.15/spring-test-6.1.15.jar:/root/.m2/repository/org/xmlunit/xmlunit-core/2.9.1/xmlunit-core-2.9.1.jar:/root/.m2/repository/org/springframework/security/spring-security-test/6.3.5/spring-security-test-6.3.5.jar:/root/.m2/repository/org/springframework/security/spring-security-core/6.3.5/spring-security-core-6.3.5.jar:/root/.m2/repository/org/springframework/security/spring-security-crypto/6.3.5/spring-security-crypto-6.3.5.jar:/root/.m2/repository/org/apache/tomcat/embed/tomcat-embed-jasper/10.1.33/tomcat-embed-jasper-10.1.33.jar:/root/.m2/repository/org/apache/tomcat/embed/tomcat-embed-core/10.1.33/tomcat-embed-core-10.1.33.jar:/root/.m2/repository/org/apache/tomcat/tomcat-annotations-api/10.1.33/tomcat-annotations-api-10.1.33.jar:/root/.m2/repository/org/apache/tomcat/embed/tomcat-embed-el/10.1.33/tomcat-embed-el-10.1.33.jar:/root/.m2/repository/org/eclipse/jdt/ecj/3.33.0/ecj-3.33.0.jar:/root/.m2/repository/io/jsonwebtoken/jjwt/0.9.1/jjwt-0.9.1.jar:/root/.m2/repository/com/fasterxml/jackson/core/jackson-databind/2.17.3/jackson-databind-2.17.3.jar:/root/.m2/repository/com/fasterxml/jackson/core/jackson-annotations/2.17.3/jackson-annotations-2.17.3.jar:/root/.m2/repository/com/fasterxml/jackson/core/jackson-core/2.17.3/jackson-core-2.17.3.jar:/root/.m2/repository/javax/xml/bind/jaxb-api/2.3.0/jaxb-api-2.3.0.jar:/root/.m2/repository/org/modelmapper/modelmapper/3.1.0/modelmapper-3.1.0.jar:"/>
    <property name="java.vm.vendor" value="Red Hat, Inc."/>
    <property name="sun.arch.data.model" value="64"/>
    <property name="java.vendor.url" value="https://www.redhat.com/"/>
    <property name="user.timezone" value="Asia/Kolkata"/>
    <property name="org.jboss.logging.provider" value="slf4j"/>
    <property name="os.name" value="Linux"/>
    <property name="java.vm.specification.version" value="17"/>
    <property name="sun.java.launcher" value="SUN_STANDARD"/>
    <property name="user.country" value="IN"/>
    <property name="sun.boot.library.path" value="/usr/lib/jvm/java-17-openjdk-17.0.13.0.11-4.el9.x86_64/lib"/>
    <property name="sun.java.command" value="/opt/sts-workspace/rajeshphysics/target/surefire/surefirebooter-20241227034939786_3.jar /opt/sts-workspace/rajeshphysics/target/surefire 2024-12-27T03-49-39_703-jvmRun1 surefire-20241227034939786_1tmp surefire_0-20241227034939786_2tmp"/>
    <property name="jdk.debug" value="release"/>
    <property name="surefire.test.class.path" value="/opt/sts-workspace/rajeshphysics/target/test-classes:/opt/sts-workspace/rajeshphysics/target/classes:/root/.m2/repository/org/springframework/boot/spring-boot-starter-data-jpa/3.3.6/spring-boot-starter-data-jpa-3.3.6.jar:/root/.m2/repository/org/springframework/boot/spring-boot-starter-aop/3.3.6/spring-boot-starter-aop-3.3.6.jar:/root/.m2/repository/org/aspectj/aspectjweaver/1.9.22.1/aspectjweaver-1.9.22.1.jar:/root/.m2/repository/org/springframework/boot/spring-boot-starter-jdbc/3.3.6/spring-boot-starter-jdbc-3.3.6.jar:/root/.m2/repository/com/zaxxer/HikariCP/5.1.0/HikariCP-5.1.0.jar:/root/.m2/repository/org/springframework/spring-jdbc/6.1.15/spring-jdbc-6.1.15.jar:/root/.m2/repository/org/hibernate/orm/hibernate-core/6.5.3.Final/hibernate-core-6.5.3.Final.jar:/root/.m2/repository/jakarta/persistence/jakarta.persistence-api/3.1.0/jakarta.persistence-api-3.1.0.jar:/root/.m2/repository/jakarta/transaction/jakarta.transaction-api/2.0.1/jakarta.transaction-api-2.0.1.jar:/root/.m2/repository/org/jboss/logging/jboss-logging/3.5.3.Final/jboss-logging-3.5.3.Final.jar:/root/.m2/repository/org/hibernate/common/hibernate-commons-annotations/6.0.6.Final/hibernate-commons-annotations-6.0.6.Final.jar:/root/.m2/repository/io/smallrye/jandex/3.1.2/jandex-3.1.2.jar:/root/.m2/repository/com/fasterxml/classmate/1.7.0/classmate-1.7.0.jar:/root/.m2/repository/net/bytebuddy/byte-buddy/1.14.19/byte-buddy-1.14.19.jar:/root/.m2/repository/org/glassfish/jaxb/jaxb-runtime/4.0.5/jaxb-runtime-4.0.5.jar:/root/.m2/repository/org/glassfish/jaxb/jaxb-core/4.0.5/jaxb-core-4.0.5.jar:/root/.m2/repository/org/eclipse/angus/angus-activation/2.0.2/angus-activation-2.0.2.jar:/root/.m2/repository/org/glassfish/jaxb/txw2/4.0.5/txw2-4.0.5.jar:/root/.m2/repository/com/sun/istack/istack-commons-runtime/4.1.2/istack-commons-runtime-4.1.2.jar:/root/.m2/repository/jakarta/inject/jakarta.inject-api/2.0.1/jakarta.inject-api-2.0.1.jar:/root/.m2/repository/org/antlr/antlr4-runtime/4.13.0/antlr4-runtime-4.13.0.jar:/root/.m2/repository/org/springframework/data/spring-data-jpa/3.3.6/spring-data-jpa-3.3.6.jar:/root/.m2/repository/org/springframework/data/spring-data-commons/3.3.6/spring-data-commons-3.3.6.jar:/root/.m2/repository/org/springframework/spring-orm/6.1.15/spring-orm-6.1.15.jar:/root/.m2/repository/org/springframework/spring-context/6.1.15/spring-context-6.1.15.jar:/root/.m2/repository/org/springframework/spring-tx/6.1.15/spring-tx-6.1.15.jar:/root/.m2/repository/org/springframework/spring-beans/6.1.15/spring-beans-6.1.15.jar:/root/.m2/repository/jakarta/annotation/jakarta.annotation-api/2.1.1/jakarta.annotation-api-2.1.1.jar:/root/.m2/repository/org/slf4j/slf4j-api/2.0.16/slf4j-api-2.0.16.jar:/root/.m2/repository/org/springframework/spring-aspects/6.1.15/spring-aspects-6.1.15.jar:/root/.m2/repository/org/springframework/boot/spring-boot-starter-security/3.3.6/spring-boot-starter-security-3.3.6.jar:/root/.m2/repository/org/springframework/boot/spring-boot-starter/3.3.6/spring-boot-starter-3.3.6.jar:/root/.m2/repository/org/springframework/boot/spring-boot-starter-logging/3.3.6/spring-boot-starter-logging-3.3.6.jar:/root/.m2/repository/ch/qos/logback/logback-classic/1.5.12/logback-classic-1.5.12.jar:/root/.m2/repository/ch/qos/logback/logback-core/1.5.12/logback-core-1.5.12.jar:/root/.m2/repository/org/apache/logging/log4j/log4j-to-slf4j/2.23.1/log4j-to-slf4j-2.23.1.jar:/root/.m2/repository/org/apache/logging/log4j/log4j-api/2.23.1/log4j-api-2.23.1.jar:/root/.m2/repository/org/slf4j/jul-to-slf4j/2.0.16/jul-to-slf4j-2.0.16.jar:/root/.m2/repository/org/yaml/snakeyaml/2.2/snakeyaml-2.2.jar:/root/.m2/repository/org/springframework/spring-aop/6.1.15/spring-aop-6.1.15.jar:/root/.m2/repository/org/springframework/security/spring-security-config/6.3.5/spring-security-config-6.3.5.jar:/root/.m2/repository/org/springframework/security/spring-security-web/6.3.5/spring-security-web-6.3.5.jar:/root/.m2/repository/org/springframework/spring-expression/6.1.15/spring-expression-6.1.15.jar:/root/.m2/repository/org/springframework/boot/spring-boot-starter-web/3.3.6/spring-boot-starter-web-3.3.6.jar:/root/.m2/repository/org/springframework/boot/spring-boot-starter-json/3.3.6/spring-boot-starter-json-3.3.6.jar:/root/.m2/repository/com/fasterxml/jackson/datatype/jackson-datatype-jdk8/2.17.3/jackson-datatype-jdk8-2.17.3.jar:/root/.m2/repository/com/fasterxml/jackson/datatype/jackson-datatype-jsr310/2.17.3/jackson-datatype-jsr310-2.17.3.jar:/root/.m2/repository/com/fasterxml/jackson/module/jackson-module-parameter-names/2.17.3/jackson-module-parameter-names-2.17.3.jar:/root/.m2/repository/org/springframework/boot/spring-boot-starter-tomcat/3.3.6/spring-boot-starter-tomcat-3.3.6.jar:/root/.m2/repository/org/apache/tomcat/embed/tomcat-embed-websocket/10.1.33/tomcat-embed-websocket-10.1.33.jar:/root/.m2/repository/org/springframework/spring-web/6.1.15/spring-web-6.1.15.jar:/root/.m2/repository/io/micrometer/micrometer-observation/1.13.8/micrometer-observation-1.13.8.jar:/root/.m2/repository/io/micrometer/micrometer-commons/1.13.8/micrometer-commons-1.13.8.jar:/root/.m2/repository/org/springframework/spring-webmvc/6.1.15/spring-webmvc-6.1.15.jar:/root/.m2/repository/org/springframework/boot/spring-boot-devtools/3.3.6/spring-boot-devtools-3.3.6.jar:/root/.m2/repository/org/springframework/boot/spring-boot/3.3.6/spring-boot-3.3.6.jar:/root/.m2/repository/org/springframework/boot/spring-boot-autoconfigure/3.3.6/spring-boot-autoconfigure-3.3.6.jar:/root/.m2/repository/com/mysql/mysql-connector-j/8.3.0/mysql-connector-j-8.3.0.jar:/root/.m2/repository/org/springframework/boot/spring-boot-starter-test/3.3.6/spring-boot-starter-test-3.3.6.jar:/root/.m2/repository/org/springframework/boot/spring-boot-test/3.3.6/spring-boot-test-3.3.6.jar:/root/.m2/repository/org/springframework/boot/spring-boot-test-autoconfigure/3.3.6/spring-boot-test-autoconfigure-3.3.6.jar:/root/.m2/repository/com/jayway/jsonpath/json-path/2.9.0/json-path-2.9.0.jar:/root/.m2/repository/jakarta/xml/bind/jakarta.xml.bind-api/4.0.2/jakarta.xml.bind-api-4.0.2.jar:/root/.m2/repository/jakarta/activation/jakarta.activation-api/2.1.3/jakarta.activation-api-2.1.3.jar:/root/.m2/repository/net/minidev/json-smart/2.5.1/json-smart-2.5.1.jar:/root/.m2/repository/net/minidev/accessors-smart/2.5.1/accessors-smart-2.5.1.jar:/root/.m2/repository/org/ow2/asm/asm/9.6/asm-9.6.jar:/root/.m2/repository/org/assertj/assertj-core/3.25.3/assertj-core-3.25.3.jar:/root/.m2/repository/org/awaitility/awaitility/4.2.2/awaitility-4.2.2.jar:/root/.m2/repository/org/hamcrest/hamcrest/2.2/hamcrest-2.2.jar:/root/.m2/repository/org/junit/jupiter/junit-jupiter/5.10.5/junit-jupiter-5.10.5.jar:/root/.m2/repository/org/junit/jupiter/junit-jupiter-api/5.10.5/junit-jupiter-api-5.10.5.jar:/root/.m2/repository/org/opentest4j/opentest4j/1.3.0/opentest4j-1.3.0.jar:/root/.m2/repository/org/junit/platform/junit-platform-commons/1.10.5/junit-platform-commons-1.10.5.jar:/root/.m2/repository/org/apiguardian/apiguardian-api/1.1.2/apiguardian-api-1.1.2.jar:/root/.m2/repository/org/junit/jupiter/junit-jupiter-params/5.10.5/junit-jupiter-params-5.10.5.jar:/root/.m2/repository/org/junit/jupiter/junit-jupiter-engine/5.10.5/junit-jupiter-engine-5.10.5.jar:/root/.m2/repository/org/junit/platform/junit-platform-engine/1.10.5/junit-platform-engine-1.10.5.jar:/root/.m2/repository/org/mockito/mockito-core/5.11.0/mockito-core-5.11.0.jar:/root/.m2/repository/net/bytebuddy/byte-buddy-agent/1.14.19/byte-buddy-agent-1.14.19.jar:/root/.m2/repository/org/objenesis/objenesis/3.3/objenesis-3.3.jar:/root/.m2/repository/org/mockito/mockito-junit-jupiter/5.11.0/mockito-junit-jupiter-5.11.0.jar:/root/.m2/repository/org/skyscreamer/jsonassert/1.5.3/jsonassert-1.5.3.jar:/root/.m2/repository/com/vaadin/external/google/android-json/0.0.20131108.vaadin1/android-json-0.0.20131108.vaadin1.jar:/root/.m2/repository/org/springframework/spring-core/6.1.15/spring-core-6.1.15.jar:/root/.m2/repository/org/springframework/spring-jcl/6.1.15/spring-jcl-6.1.15.jar:/root/.m2/repository/org/springframework/spring-test/6.1.15/spring-test-6.1.15.jar:/root/.m2/repository/org/xmlunit/xmlunit-core/2.9.1/xmlunit-core-2.9.1.jar:/root/.m2/repository/org/springframework/security/spring-security-test/6.3.5/spring-security-test-6.3.5.jar:/root/.m2/repository/org/springframework/security/spring-security-core/6.3.5/spring-security-core-6.3.5.jar:/root/.m2/repository/org/springframework/security/spring-security-crypto/6.3.5/spring-security-crypto-6.3.5.jar:/root/.m2/repository/org/apache/tomcat/embed/tomcat-embed-jasper/10.1.33/tomcat-embed-jasper-10.1.33.jar:/root/.m2/repository/org/apache/tomcat/embed/tomcat-embed-core/10.1.33/tomcat-embed-core-10.1.33.jar:/root/.m2/repository/org/apache/tomcat/tomcat-annotations-api/10.1.33/tomcat-annotations-api-10.1.33.jar:/root/.m2/repository/org/apache/tomcat/embed/tomcat-embed-el/10.1.33/tomcat-embed-el-10.1.33.jar:/root/.m2/repository/org/eclipse/jdt/ecj/3.33.0/ecj-3.33.0.jar:/root/.m2/repository/io/jsonwebtoken/jjwt/0.9.1/jjwt-0.9.1.jar:/root/.m2/repository/com/fasterxml/jackson/core/jackson-databind/2.17.3/jackson-databind-2.17.3.jar:/root/.m2/repository/com/fasterxml/jackson/core/jackson-annotations/2.17.3/jackson-annotations-2.17.3.jar:/root/.m2/repository/com/fasterxml/jackson/core/jackson-core/2.17.3/jackson-core-2.17.3.jar:/root/.m2/repository/javax/xml/bind/jaxb-api/2.3.0/jaxb-api-2.3.0.jar:/root/.m2/repository/org/modelmapper/modelmapper/3.1.0/modelmapper-3.1.0.jar:"/>
    <property name="sun.cpu.endian" value="little"/>
    <property name="user.home" value="/root"/>
    <property name="user.language" value="en"/>
    <property name="java.specification.vendor" value="Oracle Corporation"/>
    <property name="java.version.date" value="2024-10-15"/>
    <property name="java.home" value="/usr/lib/jvm/java-17-openjdk-17.0.13.0.11-4.el9.x86_64"/>
    <property name="file.separator" value="/"/>
    <property name="style.color" value="always"/>
    <property name="basedir" value="/opt/sts-workspace/rajeshphysics"/>
    <property name="java.vm.compressedOopsMode" value="Zero based"/>
    <property name="line.separator" value="&#10;"/>
    <property name="java.vm.specification.vendor" value="Oracle Corporation"/>
    <property name="java.specification.name" value="Java Platform API Specification"/>
    <property name="FILE_LOG_CHARSET" value="UTF-8"/>
    <property name="java.awt.headless" value="true"/>
    <property name="surefire.real.class.path" value="/opt/sts-workspace/rajeshphysics/target/surefire/surefirebooter-20241227034939786_3.jar"/>
    <property name="sun.management.compiler" value="HotSpot 64-Bit Tiered Compilers"/>
    <property name="java.runtime.version" value="17.0.13+11-LTS"/>
    <property name="user.name" value="root"/>
    <property name="path.separator" value=":"/>
    <property name="os.version" value="5.14.0-542.el9.x86_64"/>
    <property name="java.runtime.name" value="OpenJDK Runtime Environment"/>
    <property name="file.encoding" value="UTF-8"/>
    <property name="java.vm.name" value="OpenJDK 64-Bit Server VM"/>
    <property name="java.vendor.version" value="(Red_Hat-17.0.13.0.11-1)"/>
    <property name="localRepository" value="/root/.m2/repository"/>
    <property name="java.vendor.url.bug" value="https://access.redhat.com/support/cases/"/>
    <property name="java.io.tmpdir" value="/tmp"/>
    <property name="com.zaxxer.hikari.pool_number" value="1"/>
    <property name="java.version" value="17.0.13"/>
    <property name="user.dir" value="/opt/sts-workspace/rajeshphysics"/>
    <property name="os.arch" value="amd64"/>
    <property name="java.vm.specification.name" value="Java Virtual Machine Specification"/>
    <property name="PID" value="109009"/>
    <property name="CONSOLE_LOG_CHARSET" value="UTF-8"/>
    <property name="native.encoding" value="UTF-8"/>
    <property name="java.library.path" value="/usr/java/packages/lib:/usr/lib64:/lib64:/lib:/usr/lib"/>
    <property name="java.vm.info" value="mixed mode, sharing"/>
    <property name="java.vendor" value="Red Hat, Inc."/>
    <property name="java.vm.version" value="17.0.13+11-LTS"/>
    <property name="java.specification.maintenance.version" value="1"/>
    <property name="sun.io.unicode.encoding" value="UnicodeLittle"/>
    <property name="java.class.version" value="61.0"/>
    <property name="LOGGED_APPLICATION_NAME" value="[rajeshphysics] "/>
  </properties>
  <testcase name="contextLoads" classname="com.rajeshphysics.RajeshphysicsApplicationTests" time="0.346">
    <system-out><![CDATA[03:49:40.296 [main] INFO org.springframework.test.context.support.AnnotationConfigContextLoaderUtils -- Could not detect default configuration classes for test class [com.rajeshphysics.RajeshphysicsApplicationTests]: RajeshphysicsApplicationTests does not declare any static, non-private, non-final, nested classes annotated with @Configuration.
03:49:40.392 [main] INFO org.springframework.boot.test.context.SpringBootTestContextBootstrapper -- Found @SpringBootConfiguration com.rajeshphysics.RajeshphysicsApplication for test class com.rajeshphysics.RajeshphysicsApplicationTests
03:49:40.497 [main] INFO org.springframework.boot.devtools.restart.RestartApplicationListener -- Restart disabled due to context in which it is running

  .   ____          _            __ _ _
 /\\ / ___'_ __ _ _(_)_ __  __ _ \ \ \ \
( ( )\___ | '_ | '_| | '_ \/ _` | \ \ \ \
 \\/  ___)| |_)| | | | | || (_| |  ) ) ) )
  '  |____| .__|_| |_|_| |_\__, | / / / /
 =========|_|==============|___/=/_/_/_/

 :: Spring Boot ::                (v3.3.6)

2024-12-27T03:49:40.625+05:30  INFO 109009 --- [rajeshphysics] [           main] c.r.RajeshphysicsApplicationTests        : Starting RajeshphysicsApplicationTests using Java 17.0.13 with PID 109009 (started by root in /opt/sts-workspace/rajeshphysics)
2024-12-27T03:49:40.626+05:30  INFO 109009 --- [rajeshphysics] [           main] c.r.RajeshphysicsApplicationTests        : No active profile set, falling back to 1 default profile: "default"
2024-12-27T03:49:41.094+05:30  INFO 109009 --- [rajeshphysics] [           main] .s.d.r.c.RepositoryConfigurationDelegate : Bootstrapping Spring Data JPA repositories in DEFAULT mode.
2024-12-27T03:49:41.148+05:30  INFO 109009 --- [rajeshphysics] [           main] .s.d.r.c.RepositoryConfigurationDelegate : Finished Spring Data repository scanning in 49 ms. Found 10 JPA repository interfaces.
2024-12-27T03:49:41.437+05:30  INFO 109009 --- [rajeshphysics] [           main] o.hibernate.jpa.internal.util.LogHelper  : HHH000204: Processing PersistenceUnitInfo [name: default]
2024-12-27T03:49:41.468+05:30  INFO 109009 --- [rajeshphysics] [           main] org.hibernate.Version                    : HHH000412: Hibernate ORM core version 6.5.3.Final
2024-12-27T03:49:41.484+05:30  INFO 109009 --- [rajeshphysics] [           main] o.h.c.internal.RegionFactoryInitiator    : HHH000026: Second-level cache disabled
2024-12-27T03:49:41.630+05:30  INFO 109009 --- [rajeshphysics] [           main] o.s.o.j.p.SpringPersistenceUnitInfo      : No LoadTimeWeaver setup: ignoring JPA class transformer
2024-12-27T03:49:41.644+05:30  INFO 109009 --- [rajeshphysics] [           main] com.zaxxer.hikari.HikariDataSource       : HikariPool-1 - Starting...
2024-12-27T03:49:41.851+05:30  INFO 109009 --- [rajeshphysics] [           main] com.zaxxer.hikari.pool.HikariPool        : HikariPool-1 - Added connection com.mysql.cj.jdbc.ConnectionImpl@3c9f4376
2024-12-27T03:49:41.853+05:30  INFO 109009 --- [rajeshphysics] [           main] com.zaxxer.hikari.HikariDataSource       : HikariPool-1 - Start completed.
2024-12-27T03:49:41.896+05:30  WARN 109009 --- [rajeshphysics] [           main] org.hibernate.orm.deprecation            : HHH90000025: MySQLDialect does not need to be specified explicitly using 'hibernate.dialect' (remove the property setting and it will be selected by default)
2024-12-27T03:49:42.489+05:30  INFO 109009 --- [rajeshphysics] [           main] o.h.e.t.j.p.i.JtaPlatformInitiator       : HHH000489: No JTA platform available (set 'hibernate.transaction.jta.platform' to enable JTA platform integration)
2024-12-27T03:49:42.607+05:30  INFO 109009 --- [rajeshphysics] [           main] j.LocalContainerEntityManagerFactoryBean : Initialized JPA EntityManagerFactory for persistence unit 'default'
2024-12-27T03:49:42.788+05:30  INFO 109009 --- [rajeshphysics] [           main] o.s.d.j.r.query.QueryEnhancerFactory     : Hibernate is in classpath; If applicable, HQL parser will be used.
2024-12-27T03:49:42.836+05:30  INFO 109009 --- [rajeshphysics] [           main] c.r.Securities.SecurityConfig            : Setting up DaoAuthenticationProvider
2024-12-27T03:49:42.847+05:30  INFO 109009 --- [rajeshphysics] [           main] eAuthenticationProviderManagerConfigurer : Global AuthenticationManager configured with AuthenticationProvider bean with name daoAuthenticationProvider
2024-12-27T03:49:42.847+05:30  WARN 109009 --- [rajeshphysics] [           main] r$InitializeUserDetailsManagerConfigurer : Global AuthenticationManager configured with an AuthenticationProvider bean. UserDetailsService beans will not be used for username/password login. Consider removing the AuthenticationProvider bean. Alternatively, consider using the UserDetailsService in a manually instantiated DaoAuthenticationProvider.
2024-12-27T03:49:42.978+05:30  WARN 109009 --- [rajeshphysics] [           main] JpaBaseConfiguration$JpaWebConfiguration : spring.jpa.open-in-view is enabled by default. Therefore, database queries may be performed during view rendering. Explicitly configure spring.jpa.open-in-view to disable this warning
2024-12-27T03:49:43.028+05:30  INFO 109009 --- [rajeshphysics] [           main] o.s.b.a.w.s.WelcomePageHandlerMapping    : Adding welcome page template: index
2024-12-27T03:49:43.145+05:30  INFO 109009 --- [rajeshphysics] [           main] c.r.Securities.SecurityConfig            : Configuring security filter chain
2024-12-27T03:49:43.341+05:30  INFO 109009 --- [rajeshphysics] [           main] c.r.RajeshphysicsApplicationTests        : Started RajeshphysicsApplicationTests in 2.85 seconds (process running for 3.495)
2024-12-27T03:49:43.343+05:30  INFO 109009 --- [rajeshphysics] [           main] c.r.RajeshphysicsApplication             : Checking Role is exit or Not
2024-12-27T03:49:43.421+05:30  WARN 109009 --- [rajeshphysics] [           main] c.r.RajeshphysicsApplication             : Roles is already added : ADMIN
2024-12-27T03:49:43.425+05:30  WARN 109009 --- [rajeshphysics] [           main] c.r.RajeshphysicsApplication             : Roles is already added : STUDENT
2024-12-27T03:49:43.425+05:30  INFO 109009 --- [rajeshphysics] [           main] c.r.RajeshphysicsApplication             : Checking user is exit or Not
2024-12-27T03:49:43.441+05:30  WARN 109009 --- [rajeshphysics] [           main] c.r.RajeshphysicsApplication             : User is already added : 9939718838
]]></system-out>
  </testcase>
</testsuite>